<?xml version="1.0" encoding="UTF-8"?>
<!-- Generated by org.testng.reporters.JUnitReportReporter -->
<testsuite hostname="ITLNB102" failures="0" tests="10" name="Com.Test.InvocationCountTest" time="0.063" errors="0" timestamp="31 Mar 2018 18:20:11 GMT" skipped="0">
  <testcase classname="Com.Test.InvocationCountTest" name="sum" time="0.008"/>
  <testcase classname="Com.Test.InvocationCountTest" name="sum" time="0.002"/>
  <testcase classname="Com.Test.InvocationCountTest" name="sum" time="0.004"/>
  <testcase classname="Com.Test.InvocationCountTest" name="sum" time="0.008"/>
  <testcase classname="Com.Test.InvocationCountTest" name="sum" time="0.004"/>
  <testcase classname="Com.Test.InvocationCountTest" name="sum" time="0.024"/>
  <testcase classname="Com.Test.InvocationCountTest" name="sum" time="0.002"/>
  <testcase classname="Com.Test.InvocationCountTest" name="sum" time="0.003"/>
  <testcase classname="Com.Test.InvocationCountTest" name="sum" time="0.004"/>
  <testcase classname="Com.Test.InvocationCountTest" name="sum" time="0.004"/>
</testsuite> <!-- Com.Test.InvocationCountTest -->
