<?xml version="1.0" encoding="UTF-8"?>
<!-- Generated by org.testng.reporters.JUnitReportReporter -->
<testsuite hostname="ITLNB102" failures="0" tests="3" name="Com.Test.TestngBasic" time="0.021" errors="0" timestamp="30 Mar 2018 19:44:16 GMT" skipped="0">
  <testcase classname="Com.Test.TestngBasic" name="googleTitleTest" time="0.009"/>
  <testcase classname="Com.Test.TestngBasic" name="search" time="0.007"/>
  <testcase classname="Com.Test.TestngBasic" name="register" time="0.005"/>
</testsuite> <!-- Com.Test.TestngBasic -->
