<?xml version="1.0" encoding="UTF-8"?>
<!-- Generated by org.testng.reporters.JUnitReportReporter -->
<testsuite hostname="ITLNB102" failures="0" tests="5" name="Com.Test.GoogleTest" time="111.101" errors="0" timestamp="31 Mar 2018 17:36:11 GMT" skipped="0">
  <testcase classname="Com.Test.GoogleTest" name="googleTitleTest" time="18.270"/>
  <testcase classname="Com.Test.GoogleTest" name="mailLinkTest" time="38.656"/>
  <testcase classname="Com.Test.GoogleTest" name="test1" time="21.665"/>
  <testcase classname="Com.Test.GoogleTest" name="test2" time="14.897"/>
  <testcase classname="Com.Test.GoogleTest" name="test3" time="17.613"/>
</testsuite> <!-- Com.Test.GoogleTest -->
